#
# A fatal error has been detected by the Java Runtime Environment:
#
#  Internal Error (javaClasses.cpp:129), pid=3372, tid=4604
#  fatal error: Invalid layout of preloaded class
#
# JRE version: 7.0_09-b05
# Java VM: Java HotSpot(TM) Client VM (23.5-b02 mixed mode windows-x86 )
# Failed to write core dump. Minidumps are not enabled by default on client versions of Windows
#
# If you would like to submit a bug report, please visit:
#   http://bugreport.sun.com/bugreport/crash.jsp
#

---------------  T H R E A D  ---------------

Current thread (0x00c6b000):  JavaThread "Unknown thread" [_thread_in_vm, id=4604, stack(0x00bd0000,0x00c20000)]

Stack: [0x00bd0000,0x00c20000],  sp=0x00c1f824,  free space=318k
Native frames: (J=compiled Java code, j=interpreted, Vv=VM code, C=native code)
V  [jvm.dll+0x16f2f1]
V  [jvm.dll+0x169496]
V  [jvm.dll+0x2082f]
V  [jvm.dll+0x208b6]
V  [jvm.dll+0x2e64d]
V  [jvm.dll+0x2e8f9]
V  [jvm.dll+0x77d01]
V  [jvm.dll+0x780bb]
V  [jvm.dll+0x1290e1]
V  [jvm.dll+0x149b8a]
V  [jvm.dll+0xa997f]
C  [javaw.exe+0x1359]
C  [javaw.exe+0x1dbb]
C  [javaw.exe+0xa0eb]
C  [javaw.exe+0xa175]
C  [kernel32.dll+0x44b29]  BaseThreadInitThunk+0x12
C  [ntdll.dll+0x3e1c6]  RtlInitializeExceptionChain+0x63
C  [ntdll.dll+0x3e199]  RtlInitializeExceptionChain+0x36


---------------  P R O C E S S  ---------------

Java Threads: ( => current thread )

Other Threads:

=>0x00c6b000 (exited) JavaThread "Unknown thread" [_thread_in_vm, id=4604, stack(0x00bd0000,0x00c20000)]

VM state:not at safepoint (not fully initialized)

VM Mutex/Monitor currently owned by a thread: None

GC Heap History (0 events):
No events

Deoptimization events (0 events):
No events

Internal exceptions (0 events):
No events

Events (10 events):
Event: 0.100 loading class 0x011176a8 done
Event: 0.100 loading class 0x01116518 done
Event: 0.100 loading class 0x011164f0
Event: 0.100 loading class 0x01181728
Event: 0.100 loading class 0x01181728 done
Event: 0.100 loading class 0x01181760
Event: 0.100 loading class 0x01181760 done
Event: 0.100 loading class 0x0117fe88
Event: 0.100 loading class 0x0117fe88 done
Event: 0.101 loading class 0x011164f0 done


Dynamic libraries:
0x012f0000 - 0x0131f000 	C:\Program Files\Java\jdk1.7.0_09\jre\bin\javaw.exe
0x77af0000 - 0x77c18000 	C:\Windows\system32\ntdll.dll
0x77780000 - 0x7785c000 	C:\Windows\system32\kernel32.dll
0x77a20000 - 0x77ae6000 	C:\Windows\system32\ADVAPI32.dll
0x77950000 - 0x77a12000 	C:\Windows\system32\RPCRT4.dll
0x77cb0000 - 0x77d4d000 	C:\Windows\system32\USER32.dll
0x77c60000 - 0x77cab000 	C:\Windows\system32\GDI32.dll
0x75100000 - 0x7529e000 	C:\Windows\WinSxS\x86_microsoft.windows.common-controls_6595b64144ccf1df_6.0.6001.18523_none_5cdd65e20837faf2\COMCTL32.dll
0x77060000 - 0x7710a000 	C:\Windows\system32\msvcrt.dll
0x77860000 - 0x778b8000 	C:\Windows\system32\SHLWAPI.dll
0x77010000 - 0x7702e000 	C:\Windows\system32\IMM32.DLL
0x76190000 - 0x76258000 	C:\Windows\system32\MSCTF.dll
0x77c40000 - 0x77c49000 	C:\Windows\system32\LPK.DLL
0x775c0000 - 0x7763d000 	C:\Windows\system32\USP10.dll
0x74560000 - 0x7461e000 	C:\Program Files\Java\jdk1.7.0_09\jre\bin\msvcr100.dll
0x683c0000 - 0x6870d000 	C:\Program Files\Java\jdk1.7.0_09\jre\bin\client\jvm.dll
0x72e10000 - 0x72e17000 	C:\Windows\system32\WSOCK32.dll
0x77110000 - 0x7713d000 	C:\Windows\system32\WS2_32.dll
0x77c50000 - 0x77c56000 	C:\Windows\system32\NSI.dll
0x73710000 - 0x73742000 	C:\Windows\system32\WINMM.dll
0x77470000 - 0x775b4000 	C:\Windows\system32\ole32.dll
0x762e0000 - 0x7636d000 	C:\Windows\system32\OLEAUT32.dll
0x736d0000 - 0x73709000 	C:\Windows\system32\OLEACC.dll
0x77c20000 - 0x77c27000 	C:\Windows\system32\PSAPI.DLL
0x74dc0000 - 0x74dcc000 	C:\Program Files\Java\jdk1.7.0_09\jre\bin\verify.dll
0x74d50000 - 0x74d70000 	C:\Program Files\Java\jdk1.7.0_09\jre\bin\java.dll
0x74980000 - 0x74993000 	C:\Program Files\Java\jdk1.7.0_09\jre\bin\zip.dll
0x743d0000 - 0x744ac000 	C:\Windows\system32\dbghelp.dll

VM Arguments:
jvm_args: -Dfile.encoding=Cp1252 -Xbootclasspath:D:\Eigene_Dateien\studium\bin\adt-bundle-windows-x86\sdk\platforms\android-17\android.jar 
java_command: at.ac.tuwien.inso.esse.advancedsecsys.client.dto.Entry
Launcher Type: SUN_STANDARD

Environment Variables:
JAVA_HOME=C:\Program Files\Java\jdk1.7.0_09
CLASSPATH=C:\Program Files\apache-ant\lib;C:\Program Files\Java\jdk1.7.0_09\lib\*;C:\Program Files\Java\jre6\lib\ext\QTJava.zip
PATH=C:/Program Files/Java/jre7/bin/client;C:/Program Files/Java/jre7/bin;C:/Program Files/Java/jre7/lib/i386;C:\Program Files\python33\;C:\Program Files\MiKTeX 2.9\miktex\bin;C:\Windows\system32;C:\Windows;C:\Windows\system32\Wbem;C:\Program Files\Java\jdk1.6.0_20\bin;C:\Program Files\Intel\WiFi\bin\;C:\Program Files\apache-ant\bin;C:\Program Files\WIDCOMM\Bluetooth Software\;C:\Program Files\Putty\;C:\Program Files\TortoiseHg\;C:\Program Files\Common Files\Teleca Shared;C:\Program Files\QuickTime Alternative\QTSystem;C:\Program Files\dlv;C:\Program Files\Mercurial\;C:\Program Files\Git-1.7.3.1\cmd;C:\Program Files\SlikSvn\bin\;C:\Program Files\apache-maven-3.0.3\bin;C:\Program Files\MATLAB\R2010b\bin;C:\Windows\System32\WindowsPowerShell\v1.0\;C:\Program Files\MySQL\MySQL Server 5.5\bin;D:\Eigene_Dateien\studium\bin\mongodb\bin;C:\Program Files\cygwin\bin;D:\Eigene_Dateien\studium\bin\adt-bundle-windows-x86\eclipse;
USERNAME=admin_2
OS=Windows_NT
PROCESSOR_IDENTIFIER=x86 Family 6 Model 23 Stepping 6, GenuineIntel



---------------  S Y S T E M  ---------------

OS: Windows Vista Build 6001 Service Pack 1

CPU:total 2 (2 cores per cpu, 1 threads per core) family 6 model 23 stepping 6, cmov, cx8, fxsr, mmx, sse, sse2, sse3, ssse3, sse4.1, tsc

Memory: 4k page, physical 3139456k(1442664k free), swap 6482840k(4726236k free)

vm_info: Java HotSpot(TM) Client VM (23.5-b02) for windows-x86 JRE (1.7.0_09-b05), built on Sep 24 2012 22:01:33 by "java_re" with unknown MS VC++:1600

time: Wed Jan 23 11:00:02 2013
elapsed time: 0 seconds

